<?xml version="1.0" encoding="UTF-8"?>
<testsuite name="com.coffeeshop.coffeeshop.validation.SerbiaCityValidatorTest" tests="3" skipped="0" failures="0" errors="0" timestamp="2026-05-27T07:22:43.696Z" hostname="PD-AMASTILOVIC.local" time="0.105">
  <properties/>
  <testcase name="isValid_allowsCatalogCity()" classname="com.coffeeshop.coffeeshop.validation.SerbiaCityValidatorTest" time="0.103"/>
  <testcase name="isValid_allowsNullOrBlank()" classname="com.coffeeshop.coffeeshop.validation.SerbiaCityValidatorTest" time="0.001"/>
  <testcase name="isValid_rejectsUnknownCity()" classname="com.coffeeshop.coffeeshop.validation.SerbiaCityValidatorTest" time="0.001"/>
  <system-out><![CDATA[]]></system-out>
  <system-err><![CDATA[]]></system-err>
</testsuite>
