<?xml version="1.0" encoding="UTF-8"?>
<testsuite name="com.coffeeshop.coffeeshop.ShopFavouriteIntegrationTest" tests="4" skipped="0" failures="0" errors="0" timestamp="2026-05-27T07:22:41.051Z" hostname="PD-AMASTILOVIC.local" time="0.239">
  <properties/>
  <testcase name="removeFavourite_asCustomer_removesFromProfile()" classname="com.coffeeshop.coffeeshop.ShopFavouriteIntegrationTest" time="0.115"/>
  <testcase name="addFavourite_asCustomer_addsToProfileAndShopResponse()" classname="com.coffeeshop.coffeeshop.ShopFavouriteIntegrationTest" time="0.078"/>
  <testcase name="addFavourite_withoutAuth_returnsUnauthorized()" classname="com.coffeeshop.coffeeshop.ShopFavouriteIntegrationTest" time="0.004"/>
  <testcase name="addFavourite_asOwner_returnsConflict()" classname="com.coffeeshop.coffeeshop.ShopFavouriteIntegrationTest" time="0.035"/>
  <system-out><![CDATA[2026-05-27T09:22:41.052+02:00  INFO 77442 --- [    Test worker] t.c.s.AnnotationConfigContextLoaderUtils : Could not detect default configuration classes for test class [com.coffeeshop.coffeeshop.ShopFavouriteIntegrationTest]: ShopFavouriteIntegrationTest does not declare any static, non-private, non-final, nested classes annotated with @Configuration.
2026-05-27T09:22:41.055+02:00  INFO 77442 --- [    Test worker] .b.t.c.SpringBootTestContextBootstrapper : Found @SpringBootConfiguration com.coffeeshop.coffeeshop.CoffeeshopApplication for test class com.coffeeshop.coffeeshop.ShopFavouriteIntegrationTest
2026-05-27T09:22:41.055+02:00  INFO 77442 --- [    Test worker] t.c.s.AnnotationConfigContextLoaderUtils : Could not detect default configuration classes for test class [com.coffeeshop.coffeeshop.ShopFavouriteIntegrationTest]: ShopFavouriteIntegrationTest does not declare any static, non-private, non-final, nested classes annotated with @Configuration.
2026-05-27T09:22:41.057+02:00  INFO 77442 --- [    Test worker] .b.t.c.SpringBootTestContextBootstrapper : Found @SpringBootConfiguration com.coffeeshop.coffeeshop.CoffeeshopApplication for test class com.coffeeshop.coffeeshop.ShopFavouriteIntegrationTest
]]></system-out>
  <system-err><![CDATA[]]></system-err>
</testsuite>
