<?xml version="1.0" encoding="UTF-8"?>
<testsuite name="com.coffeeshop.coffeeshop.EventSearchIntegrationTest" tests="10" skipped="0" failures="0" errors="0" timestamp="2026-05-27T07:22:36.011Z" hostname="PD-AMASTILOVIC.local" time="1.272">
  <properties/>
  <testcase name="searchByEventName_returnsMatchingPage()" classname="com.coffeeshop.coffeeshop.EventSearchIntegrationTest" time="0.166"/>
  <testcase name="searchByDescription_returnsMatchingPage()" classname="com.coffeeshop.coffeeshop.EventSearchIntegrationTest" time="0.083"/>
  <testcase name="searchByDateTo_filtersEventsOnOrBeforeDate()" classname="com.coffeeshop.coffeeshop.EventSearchIntegrationTest" time="0.099"/>
  <testcase name="getById_includesAvailabilityFields()" classname="com.coffeeshop.coffeeshop.EventSearchIntegrationTest" time="0.173"/>
  <testcase name="searchByCity_returnsMatchingPage()" classname="com.coffeeshop.coffeeshop.EventSearchIntegrationTest" time="0.093"/>
  <testcase name="searchByDateFrom_filtersEventsOnOrAfterDate()" classname="com.coffeeshop.coffeeshop.EventSearchIntegrationTest" time="0.111"/>
  <testcase name="listByShopId_returnsListNotPage()" classname="com.coffeeshop.coffeeshop.EventSearchIntegrationTest" time="0.076"/>
  <testcase name="listWithoutQuery_defaultsToPageSizeTen()" classname="com.coffeeshop.coffeeshop.EventSearchIntegrationTest" time="0.309"/>
  <testcase name="searchByShopName_returnsMatchingPage()" classname="com.coffeeshop.coffeeshop.EventSearchIntegrationTest" time="0.085"/>
  <testcase name="searchByCityAsciiDjMapping_returnsMatchingPage()" classname="com.coffeeshop.coffeeshop.EventSearchIntegrationTest" time="0.065"/>
  <system-out><![CDATA[2026-05-27T09:22:36.013+02:00  INFO 77442 --- [    Test worker] t.c.s.AnnotationConfigContextLoaderUtils : Could not detect default configuration classes for test class [com.coffeeshop.coffeeshop.EventSearchIntegrationTest]: EventSearchIntegrationTest does not declare any static, non-private, non-final, nested classes annotated with @Configuration.
2026-05-27T09:22:36.015+02:00  INFO 77442 --- [    Test worker] .b.t.c.SpringBootTestContextBootstrapper : Found @SpringBootConfiguration com.coffeeshop.coffeeshop.CoffeeshopApplication for test class com.coffeeshop.coffeeshop.EventSearchIntegrationTest
2026-05-27T09:22:36.015+02:00  INFO 77442 --- [    Test worker] t.c.s.AnnotationConfigContextLoaderUtils : Could not detect default configuration classes for test class [com.coffeeshop.coffeeshop.EventSearchIntegrationTest]: EventSearchIntegrationTest does not declare any static, non-private, non-final, nested classes annotated with @Configuration.
2026-05-27T09:22:36.018+02:00  INFO 77442 --- [    Test worker] .b.t.c.SpringBootTestContextBootstrapper : Found @SpringBootConfiguration com.coffeeshop.coffeeshop.CoffeeshopApplication for test class com.coffeeshop.coffeeshop.EventSearchIntegrationTest
]]></system-out>
  <system-err><![CDATA[]]></system-err>
</testsuite>
