<?xml version="1.0" encoding="UTF-8"?>
<testsuite name="com.coffeeshop.coffeeshop.util.EventDateValidatorTest" tests="2" skipped="0" failures="0" errors="0" timestamp="2026-05-27T07:22:43.690Z" hostname="PD-AMASTILOVIC.local" time="0.001">
  <properties/>
  <testcase name="assertNotInPast_rejectsPastDate()" classname="com.coffeeshop.coffeeshop.util.EventDateValidatorTest" time="0.001"/>
  <testcase name="assertNotInPast_allowsFutureDate()" classname="com.coffeeshop.coffeeshop.util.EventDateValidatorTest" time="0.0"/>
  <system-out><![CDATA[]]></system-out>
  <system-err><![CDATA[]]></system-err>
</testsuite>
