<?xml version="1.0" encoding="UTF-8"?>
<testsuite name="com.coffeeshop.coffeeshop.util.EventDateParserTest" tests="4" skipped="0" failures="0" errors="0" timestamp="2026-05-27T07:22:43.682Z" hostname="PD-AMASTILOVIC.local" time="0.008">
  <properties/>
  <testcase name="parseOrThrow_parsesDateOnlyAsStartOfDay()" classname="com.coffeeshop.coffeeshop.util.EventDateParserTest" time="0.005"/>
  <testcase name="parseOrThrow_parsesDateTimeLocalFormat()" classname="com.coffeeshop.coffeeshop.util.EventDateParserTest" time="0.0"/>
  <testcase name="parseOrThrow_rejectsBlank()" classname="com.coffeeshop.coffeeshop.util.EventDateParserTest" time="0.001"/>
  <testcase name="parseOrThrow_rejectsInvalidFormat()" classname="com.coffeeshop.coffeeshop.util.EventDateParserTest" time="0.001"/>
  <system-out><![CDATA[]]></system-out>
  <system-err><![CDATA[]]></system-err>
</testsuite>
