<?xml version="1.0" encoding="UTF-8"?>
<testsuite name="com.coffeeshop.coffeeshop.EventDateValidationIntegrationTest" tests="2" skipped="0" failures="0" errors="0" timestamp="2026-05-27T07:22:31.101Z" hostname="PD-AMASTILOVIC.local" time="4.298">
  <properties/>
  <testcase name="createEvent_withPastDate_returnsBadRequest()" classname="com.coffeeshop.coffeeshop.EventDateValidationIntegrationTest" time="0.258"/>
  <testcase name="createEvent_withFutureDate_returnsCreated()" classname="com.coffeeshop.coffeeshop.EventDateValidationIntegrationTest" time="0.085"/>
  <system-out><![CDATA[2026-05-27T09:22:31.102+02:00  INFO 77442 --- [    Test worker] t.c.s.AnnotationConfigContextLoaderUtils : Could not detect default configuration classes for test class [com.coffeeshop.coffeeshop.EventDateValidationIntegrationTest]: EventDateValidationIntegrationTest does not declare any static, non-private, non-final, nested classes annotated with @Configuration.
2026-05-27T09:22:31.105+02:00  INFO 77442 --- [    Test worker] .b.t.c.SpringBootTestContextBootstrapper : Found @SpringBootConfiguration com.coffeeshop.coffeeshop.CoffeeshopApplication for test class com.coffeeshop.coffeeshop.EventDateValidationIntegrationTest
2026-05-27T09:22:31.106+02:00  INFO 77442 --- [    Test worker] t.c.s.AnnotationConfigContextLoaderUtils : Could not detect default configuration classes for test class [com.coffeeshop.coffeeshop.EventDateValidationIntegrationTest]: EventDateValidationIntegrationTest does not declare any static, non-private, non-final, nested classes annotated with @Configuration.
2026-05-27T09:22:31.108+02:00  INFO 77442 --- [    Test worker] .b.t.c.SpringBootTestContextBootstrapper : Found @SpringBootConfiguration com.coffeeshop.coffeeshop.CoffeeshopApplication for test class com.coffeeshop.coffeeshop.EventDateValidationIntegrationTest

  .   ____          _            __ _ _
 /\\ / ___'_ __ _ _(_)_ __  __ _ \ \ \ \
( ( )\___ | '_ | '_| | '_ \/ _` | \ \ \ \
 \\/  ___)| |_)| | | | | || (_| |  ) ) ) )
  '  |____| .__|_| |_|_| |_\__, | / / / /
 =========|_|==============|___/=/_/_/_/

 :: Spring Boot ::                (v4.0.6)

2026-05-27T09:22:31.119+02:00  INFO 77442 --- [    Test worker] c.c.c.EventDateValidationIntegrationTest : Starting EventDateValidationIntegrationTest using Java 25.0.2 with PID 77442 (started by amastilovic in /Users/amastilovic/Desktop/dev/coffeeshop-monorepo/coffeeshop)
2026-05-27T09:22:31.120+02:00  INFO 77442 --- [    Test worker] c.c.c.EventDateValidationIntegrationTest : No active profile set, falling back to 1 default profile: "default"
2026-05-27T09:22:31.267+02:00  INFO 77442 --- [    Test worker] .s.d.r.c.RepositoryConfigurationDelegate : Bootstrapping Spring Data JPA repositories in DEFAULT mode.
2026-05-27T09:22:31.292+02:00  INFO 77442 --- [    Test worker] .s.d.r.c.RepositoryConfigurationDelegate : Finished Spring Data repository scanning in 22 ms. Found 15 JPA repository interfaces.
2026-05-27T09:22:31.357+02:00  INFO 77442 --- [    Test worker] o.s.boot.tomcat.TomcatWebServer          : Tomcat initialized with port 0 (http)
2026-05-27T09:22:31.357+02:00  INFO 77442 --- [    Test worker] o.apache.catalina.core.StandardService   : Starting service [Tomcat]
2026-05-27T09:22:31.357+02:00  INFO 77442 --- [    Test worker] o.apache.catalina.core.StandardEngine    : Starting Servlet engine: [Apache Tomcat/11.0.21]
2026-05-27T09:22:31.374+02:00  INFO 77442 --- [    Test worker] b.w.c.s.WebApplicationContextInitializer : Root WebApplicationContext: initialization completed in 254 ms
2026-05-27T09:22:31.399+02:00  INFO 77442 --- [    Test worker] tc.postgres:latest                       : Creating container for image: postgres:latest
2026-05-27T09:22:31.695+02:00  INFO 77442 --- [    Test worker] tc.postgres:latest                       : Container postgres:latest is starting: 499fc1800b809090378f2b5c5b3f8745bffe0b8e6b656cf5590f6dd52cedfbf0
2026-05-27T09:22:34.560+02:00  INFO 77442 --- [    Test worker] tc.postgres:latest                       : Container postgres:latest started in PT3.160881S
2026-05-27T09:22:34.560+02:00  INFO 77442 --- [    Test worker] tc.postgres:latest                       : Container is started (JDBC URL: jdbc:postgresql://localhost:33046/test?loggerLevel=OFF)
2026-05-27T09:22:34.592+02:00  INFO 77442 --- [    Test worker] org.hibernate.orm.jpa                    : HHH008540: Processing PersistenceUnitInfo [name: default]
2026-05-27T09:22:34.603+02:00  INFO 77442 --- [    Test worker] o.s.o.j.p.SpringPersistenceUnitInfo      : No LoadTimeWeaver setup: ignoring JPA class transformer
2026-05-27T09:22:34.604+02:00  INFO 77442 --- [    Test worker] com.zaxxer.hikari.HikariDataSource       : HikariPool-4 - Starting...
2026-05-27T09:22:34.616+02:00  INFO 77442 --- [    Test worker] com.zaxxer.hikari.pool.HikariPool        : HikariPool-4 - Added connection org.postgresql.jdbc.PgConnection@2913fb8c
2026-05-27T09:22:34.616+02:00  INFO 77442 --- [    Test worker] com.zaxxer.hikari.HikariDataSource       : HikariPool-4 - Start completed.
2026-05-27T09:22:34.621+02:00  INFO 77442 --- [    Test worker] org.hibernate.orm.connections.pooling    : HHH10001005: Database info:
	Database JDBC URL [jdbc:postgresql://localhost:33046/test?loggerLevel=OFF]
	Database driver: PostgreSQL JDBC Driver
	Database dialect: PostgreSQLDialect
	Database version: 18.3
	Default catalog/schema: test/public
	Autocommit mode: undefined/unknown
	Isolation level: READ_COMMITTED [default READ_COMMITTED]
	JDBC fetch size: none
	Pool: DataSourceConnectionProvider
	Minimum pool size: undefined/unknown
	Maximum pool size: undefined/unknown
2026-05-27T09:22:34.691+02:00  INFO 77442 --- [    Test worker] org.hibernate.orm.core                   : HHH000489: No JTA platform available (set 'hibernate.transaction.jta.platform' to enable JTA platform integration)
2026-05-27T09:22:34.785+02:00  INFO 77442 --- [    Test worker] j.LocalContainerEntityManagerFactoryBean : Initialized JPA EntityManagerFactory for persistence unit 'default'
2026-05-27T09:22:34.899+02:00  WARN 77442 --- [    Test worker] JpaBaseConfiguration$JpaWebConfiguration : spring.jpa.open-in-view is enabled by default. Therefore, database queries may be performed during view rendering. Explicitly configure spring.jpa.open-in-view to disable this warning
2026-05-27T09:22:35.032+02:00  INFO 77442 --- [    Test worker] o.s.b.a.e.web.EndpointLinksResolver      : Exposing 1 endpoint beneath base path '/actuator'
2026-05-27T09:22:35.041+02:00  INFO 77442 --- [    Test worker] o.s.boot.tomcat.TomcatWebServer          : Tomcat started on port 57505 (http) with context path '/'
2026-05-27T09:22:35.043+02:00  INFO 77442 --- [    Test worker] c.c.c.EventDateValidationIntegrationTest : Started EventDateValidationIntegrationTest in 3.933 seconds (process running for 31.452)
2026-05-27T09:22:35.049+02:00  WARN 77442 --- [    Test worker] o.s.core.events.SpringDocAppInitializer  : SpringDoc /v3/api-docs endpoint is enabled by default. To disable it in production, set the property 'springdoc.api-docs.enabled=false'
2026-05-27T09:22:35.049+02:00  WARN 77442 --- [    Test worker] o.s.core.events.SpringDocAppInitializer  : SpringDoc /swagger-ui.html endpoint is enabled by default. To disable it in production, set the property 'springdoc.swagger-ui.enabled=false'
2026-05-27T09:22:35.059+02:00  INFO 77442 --- [o-auto-4-exec-1] o.a.c.c.C.[Tomcat-3].[localhost].[/]     : Initializing Spring DispatcherServlet 'dispatcherServlet'
2026-05-27T09:22:35.059+02:00  INFO 77442 --- [o-auto-4-exec-1] o.s.web.servlet.DispatcherServlet        : Initializing Servlet 'dispatcherServlet'
2026-05-27T09:22:35.060+02:00  INFO 77442 --- [o-auto-4-exec-1] o.s.web.servlet.DispatcherServlet        : Completed initialization in 1 ms
]]></system-out>
  <system-err><![CDATA[]]></system-err>
</testsuite>
