<?xml version="1.0" encoding="UTF-8"?>
<testsuite name="com.coffeeshop.coffeeshop.CoffeeshopApplicationTests" tests="1" skipped="0" failures="0" errors="0" timestamp="2026-05-27T07:22:27.158Z" hostname="PD-AMASTILOVIC.local" time="3.942">
  <properties/>
  <testcase name="contextLoads()" classname="com.coffeeshop.coffeeshop.CoffeeshopApplicationTests" time="0.002"/>
  <system-out><![CDATA[2026-05-27T09:22:27.159+02:00  INFO 77442 --- [    Test worker] t.c.s.AnnotationConfigContextLoaderUtils : Could not detect default configuration classes for test class [com.coffeeshop.coffeeshop.CoffeeshopApplicationTests]: CoffeeshopApplicationTests does not declare any static, non-private, non-final, nested classes annotated with @Configuration.
2026-05-27T09:22:27.162+02:00  INFO 77442 --- [    Test worker] .b.t.c.SpringBootTestContextBootstrapper : Found @SpringBootConfiguration com.coffeeshop.coffeeshop.CoffeeshopApplication for test class com.coffeeshop.coffeeshop.CoffeeshopApplicationTests
2026-05-27T09:22:27.163+02:00  INFO 77442 --- [    Test worker] t.c.s.AnnotationConfigContextLoaderUtils : Could not detect default configuration classes for test class [com.coffeeshop.coffeeshop.CoffeeshopApplicationTests]: CoffeeshopApplicationTests does not declare any static, non-private, non-final, nested classes annotated with @Configuration.
2026-05-27T09:22:27.165+02:00  INFO 77442 --- [    Test worker] .b.t.c.SpringBootTestContextBootstrapper : Found @SpringBootConfiguration com.coffeeshop.coffeeshop.CoffeeshopApplication for test class com.coffeeshop.coffeeshop.CoffeeshopApplicationTests

  .   ____          _            __ _ _
 /\\ / ___'_ __ _ _(_)_ __  __ _ \ \ \ \
( ( )\___ | '_ | '_| | '_ \/ _` | \ \ \ \
 \\/  ___)| |_)| | | | | || (_| |  ) ) ) )
  '  |____| .__|_| |_|_| |_\__, | / / / /
 =========|_|==============|___/=/_/_/_/

 :: Spring Boot ::                (v4.0.6)

2026-05-27T09:22:27.180+02:00  INFO 77442 --- [    Test worker] c.c.c.CoffeeshopApplicationTests         : Starting CoffeeshopApplicationTests using Java 25.0.2 with PID 77442 (started by amastilovic in /Users/amastilovic/Desktop/dev/coffeeshop-monorepo/coffeeshop)
2026-05-27T09:22:27.180+02:00  INFO 77442 --- [    Test worker] c.c.c.CoffeeshopApplicationTests         : No active profile set, falling back to 1 default profile: "default"
2026-05-27T09:22:27.330+02:00  INFO 77442 --- [    Test worker] .s.d.r.c.RepositoryConfigurationDelegate : Bootstrapping Spring Data JPA repositories in DEFAULT mode.
2026-05-27T09:22:27.350+02:00  INFO 77442 --- [    Test worker] .s.d.r.c.RepositoryConfigurationDelegate : Finished Spring Data repository scanning in 18 ms. Found 15 JPA repository interfaces.
2026-05-27T09:22:27.412+02:00  INFO 77442 --- [    Test worker] o.s.boot.tomcat.TomcatWebServer          : Tomcat initialized with port 0 (http)
2026-05-27T09:22:27.413+02:00  INFO 77442 --- [    Test worker] o.apache.catalina.core.StandardService   : Starting service [Tomcat]
2026-05-27T09:22:27.413+02:00  INFO 77442 --- [    Test worker] o.apache.catalina.core.StandardEngine    : Starting Servlet engine: [Apache Tomcat/11.0.21]
2026-05-27T09:22:27.426+02:00  INFO 77442 --- [    Test worker] b.w.c.s.WebApplicationContextInitializer : Root WebApplicationContext: initialization completed in 245 ms
2026-05-27T09:22:27.453+02:00  INFO 77442 --- [    Test worker] tc.postgres:latest                       : Creating container for image: postgres:latest
2026-05-27T09:22:27.745+02:00  INFO 77442 --- [    Test worker] tc.postgres:latest                       : Container postgres:latest is starting: 9fca1fe806ec85cdb0a65556ef5670810c17cbc27301a11d5f619c8701dc3267
2026-05-27T09:22:30.535+02:00  INFO 77442 --- [    Test worker] tc.postgres:latest                       : Container postgres:latest started in PT3.081767S
2026-05-27T09:22:30.536+02:00  INFO 77442 --- [    Test worker] tc.postgres:latest                       : Container is started (JDBC URL: jdbc:postgresql://localhost:33045/test?loggerLevel=OFF)
2026-05-27T09:22:30.578+02:00  INFO 77442 --- [    Test worker] org.hibernate.orm.jpa                    : HHH008540: Processing PersistenceUnitInfo [name: default]
2026-05-27T09:22:30.593+02:00  INFO 77442 --- [    Test worker] o.s.o.j.p.SpringPersistenceUnitInfo      : No LoadTimeWeaver setup: ignoring JPA class transformer
2026-05-27T09:22:30.594+02:00  INFO 77442 --- [    Test worker] com.zaxxer.hikari.HikariDataSource       : HikariPool-3 - Starting...
2026-05-27T09:22:30.608+02:00  INFO 77442 --- [    Test worker] com.zaxxer.hikari.pool.HikariPool        : HikariPool-3 - Added connection org.postgresql.jdbc.PgConnection@46493b4c
2026-05-27T09:22:30.608+02:00  INFO 77442 --- [    Test worker] com.zaxxer.hikari.HikariDataSource       : HikariPool-3 - Start completed.
2026-05-27T09:22:30.613+02:00  INFO 77442 --- [    Test worker] org.hibernate.orm.connections.pooling    : HHH10001005: Database info:
	Database JDBC URL [jdbc:postgresql://localhost:33045/test?loggerLevel=OFF]
	Database driver: PostgreSQL JDBC Driver
	Database dialect: PostgreSQLDialect
	Database version: 18.3
	Default catalog/schema: test/public
	Autocommit mode: undefined/unknown
	Isolation level: READ_COMMITTED [default READ_COMMITTED]
	JDBC fetch size: none
	Pool: DataSourceConnectionProvider
	Minimum pool size: undefined/unknown
	Maximum pool size: undefined/unknown
2026-05-27T09:22:30.687+02:00  INFO 77442 --- [    Test worker] org.hibernate.orm.core                   : HHH000489: No JTA platform available (set 'hibernate.transaction.jta.platform' to enable JTA platform integration)
2026-05-27T09:22:30.779+02:00  INFO 77442 --- [    Test worker] j.LocalContainerEntityManagerFactoryBean : Initialized JPA EntityManagerFactory for persistence unit 'default'
2026-05-27T09:22:30.929+02:00  WARN 77442 --- [    Test worker] JpaBaseConfiguration$JpaWebConfiguration : spring.jpa.open-in-view is enabled by default. Therefore, database queries may be performed during view rendering. Explicitly configure spring.jpa.open-in-view to disable this warning
2026-05-27T09:22:31.069+02:00  INFO 77442 --- [    Test worker] o.s.b.a.e.web.EndpointLinksResolver      : Exposing 1 endpoint beneath base path '/actuator'
2026-05-27T09:22:31.083+02:00  INFO 77442 --- [    Test worker] o.s.boot.tomcat.TomcatWebServer          : Tomcat started on port 57477 (http) with context path '/'
2026-05-27T09:22:31.085+02:00  INFO 77442 --- [    Test worker] c.c.c.CoffeeshopApplicationTests         : Started CoffeeshopApplicationTests in 3.918 seconds (process running for 27.494)
2026-05-27T09:22:31.090+02:00  WARN 77442 --- [    Test worker] o.s.core.events.SpringDocAppInitializer  : SpringDoc /v3/api-docs endpoint is enabled by default. To disable it in production, set the property 'springdoc.api-docs.enabled=false'
2026-05-27T09:22:31.090+02:00  WARN 77442 --- [    Test worker] o.s.core.events.SpringDocAppInitializer  : SpringDoc /swagger-ui.html endpoint is enabled by default. To disable it in production, set the property 'springdoc.swagger-ui.enabled=false'
]]></system-out>
  <system-err><![CDATA[]]></system-err>
</testsuite>
